2026-02-17 01:56:00,108 - VectorVision - INFO - Initializing Vector Vision v5.0
2026-02-17 01:56:00,147 - comtypes.client._code_cache - INFO - Imported existing <module 'comtypes.gen' from 'C:\\Python312\\Lib\\site-packages\\comtypes\\gen\\__init__.py'>
2026-02-17 01:56:00,147 - comtypes.client._code_cache - INFO - Using writeable comtypes cache directory: 'C:\Python312\Lib\site-packages\comtypes\gen'
2026-02-17 01:56:02,386 - VectorVision - INFO - Voice engine initialized
2026-02-17 01:56:02,386 - VectorVision - INFO - Tesseract initialized: C:\Program Files\Tesseract-OCR\tesseract.exe
2026-02-17 01:56:02,386 - VectorVision - INFO - Loading YOLO model: yolov8n.pt
2026-02-17 01:56:02,426 - VectorVision - INFO - Model loaded successfully
2026-02-17 01:56:02,427 - VectorVision - INFO - Initializing camera 0
2026-02-17 01:56:09,026 - VectorVision - INFO - Camera initialized successfully
2026-02-17 01:56:09,026 - VectorVision - INFO - Starting application
2026-02-17 01:56:23,263 - VectorVision - INFO - Performing OCR...
2026-02-17 01:56:23,466 - VectorVision - INFO - No text detected
2026-02-17 01:56:26,780 - VectorVision - INFO - Performing OCR...
2026-02-17 01:56:26,974 - VectorVision - INFO - No text detected
2026-02-17 01:56:34,632 - VectorVision - INFO - Performing OCR...
2026-02-17 01:56:34,904 - VectorVision - INFO - Text detected (European): p= :
2026-02-17 01:56:39,848 - VectorVision - ERROR - Voice speak error: run loop already started
2026-02-17 01:56:39,922 - VectorVision - ERROR - Voice speak error: run loop already started
2026-02-17 01:56:49,947 - VectorVision - INFO - Performing OCR...
2026-02-17 01:56:50,141 - VectorVision - INFO - No text detected
2026-02-17 01:56:56,171 - VectorVision - INFO - Performing OCR...
2026-02-17 01:56:56,363 - VectorVision - INFO - No text detected
2026-02-17 01:57:03,498 - VectorVision - INFO - Performing OCR...
2026-02-17 01:57:03,697 - VectorVision - INFO - No text detected
2026-02-17 01:57:07,713 - VectorVision - INFO - Performing OCR...
2026-02-17 01:57:07,908 - VectorVision - INFO - No text detected
2026-02-17 01:57:12,634 - VectorVision - INFO - Performing OCR...
2026-02-17 01:57:12,910 - VectorVision - INFO - Text detected (European): ie :
2026-02-17 01:57:40,770 - VectorVision - INFO - Screenshot saved: screenshot_015740.jpg
2026-02-17 01:57:41,322 - VectorVision - INFO - Performing OCR...
2026-02-17 01:57:41,510 - VectorVision - INFO - No text detected
2026-02-17 01:57:42,254 - VectorVision - INFO - Screenshot saved: screenshot_015742.jpg
2026-02-17 01:57:44,949 - VectorVision - INFO - Screenshot saved: screenshot_015744.jpg
2026-02-17 01:57:45,520 - VectorVision - INFO - Screenshot saved: screenshot_015745.jpg
2026-02-17 01:57:45,589 - VectorVision - INFO - Screenshot saved: screenshot_015745.jpg
2026-02-17 01:57:46,552 - VectorVision - INFO - Performing OCR...
2026-02-17 01:57:46,838 - VectorVision - INFO - Text detected (European): |= `
2026-02-17 01:57:50,080 - VectorVision - INFO - Shutting down...
2026-02-17 01:57:50,082 - VectorVision - INFO - Metrics exported: metrics_015750.json
2026-02-17 01:57:50,375 - VectorVision - INFO - Session complete - Duration: 110s, Frames: 1508, Objects: 1774
